Using pre-set license
Built from '2020.3/release' branch; Version is '2020.3.2f1 (8fd9074bf66c) revision 9427207'; Using compiler version '192528614'; Build Type 'Release'
OS: 'Windows 10 Pro; OS build 19042.867; Version 2009; 64bit' Language: 'ja' Physical Memory: 65352 MB
BatchMode: 1, IsHumanControllingUs: 0, StartBugReporterOnCrash: 0, Is64bit: 1, IsPro: 0

 COMMAND LINE ARGUMENTS:
C:\UnityEditorVersions\2020.3.2f1\Editor\Unity.exe
-adb2
-batchMode
-noUpm
-name
AssetImportWorker0
-projectPath
C:/Users/Nessp/OneDrive/ドキュメント/Tilemap_Mover/TilemapMover
-logFile
Logs/AssetImportWorker0.log
-srvPort
53704
Successfully changed project path to: C:/Users/Nessp/OneDrive/ドキュメント/Tilemap_Mover/TilemapMover
C:/Users/Nessp/OneDrive/ドキュメント/Tilemap_Mover/TilemapMover
Using Asset Import Pipeline V2.
Refreshing native plugins compatible for Editor in 34.06 ms, found 1 plugins.
Preloading 0 native plugins for Editor in 0.00 ms.
Initialize engine version: 2020.3.2f1 (8fd9074bf66c)
[Subsystems] Discovering subsystems at path C:/UnityEditorVersions/2020.3.2f1/Editor/Data/Resources/UnitySubsystems
[Subsystems] Discovering subsystems at path C:/Users/Nessp/OneDrive/ドキュメント/Tilemap_Mover/TilemapMover/Assets
GfxDevice: creating device client; threaded=0
Direct3D:
    Version:  Direct3D 11.0 [level 11.1]
    Renderer: NVIDIA GeForce RTX 2070 Super with Max-Q Design (ID=0x1e91)
    Vendor:   
    VRAM:     8011 MB
    Driver:   26.21.14.4280
Initialize mono
Mono path[0] = 'C:/UnityEditorVersions/2020.3.2f1/Editor/Data/Managed'
Mono path[1] = 'C:/UnityEditorVersions/2020.3.2f1/Editor/Data/MonoBleedingEdge/lib/mono/unityjit'
Mono config path = 'C:/UnityEditorVersions/2020.3.2f1/Editor/Data/MonoBleedingEdge/etc'
Using monoOptions --debugger-agent=transport=dt_socket,embedding=1,server=y,suspend=n,address=127.0.0.1:56676
Begin MonoManager ReloadAssembly
Registering precompiled unity dll's ...
Register platform support module: C:/UnityEditorVersions/2020.3.2f1/Editor/Data/PlaybackEngines/WebGLSupport/UnityEditor.WebGL.Extensions.dll
Register platform support module: C:/UnityEditorVersions/2020.3.2f1/Editor/Data/PlaybackEngines/WindowsStandaloneSupport/UnityEditor.WindowsStandalone.Extensions.dll
Registered in 0.002848 seconds.
Native extension for WindowsStandalone target not found
Native extension for WebGL target not found
Refreshing native plugins compatible for Editor in 33.45 ms, found 1 plugins.
Preloading 0 native plugins for Editor in 0.00 ms.
Invoked RoslynAnalysisRunner static constructor.
RoslynAnalysisRunner will not be running.
RoslynAnalysisRunner has terminated.
Mono: successfully reloaded assembly
- Completed reload, in  1.955 seconds
Platform modules already initialized, skipping
Registering precompiled user dll's ...
Registered in 0.001131 seconds.
Begin MonoManager ReloadAssembly
Native extension for WindowsStandalone target not found
Native extension for WebGL target not found
Refreshing native plugins compatible for Editor in 32.14 ms, found 1 plugins.
Preloading 0 native plugins for Editor in 0.00 ms.
Invoked RoslynAnalysisRunner static constructor.
RoslynAnalysisRunner will not be running.
RoslynAnalysisRunner has terminated.
Mono: successfully reloaded assembly
- Completed reload, in  0.842 seconds
Platform modules already initialized, skipping
========================================================================
Worker process is ready to serve import requests
Launched and connected shader compiler UnityShaderCompiler.exe after 0.05 seconds
Refreshing native plugins compatible for Editor in 0.30 ms, found 1 plugins.
Preloading 0 native plugins for Editor in 0.00 ms.
Unloading 1813 Unused Serialized files (Serialized files now loaded: 0)
System memory in use before: 85.5 MB.
System memory in use after: 85.4 MB.

Unloading 24 unused Assets to reduce memory usage. Loaded Objects now: 2256.
Total: 1.711100 ms (FindLiveObjects: 0.178100 ms CreateObjectMapping: 0.079500 ms MarkObjects: 1.339000 ms  DeleteObjects: 0.113300 ms)

========================================================================
Received Import Request.
  path: Assets/Tilemap_Mover/Example/Image/Mapcip.png
  artifactKey: Guid(85f87ca038079b046aef107999dc5ba5) Importer(815301076,1909f56bfc062723c751e8b465ee728b)
Start importing Assets/Tilemap_Mover/Example/Image/Mapcip.png using Guid(85f87ca038079b046aef107999dc5ba5) Importer(815301076,1909f56bfc062723c751e8b465ee728b)  -> (artifact id: 'cc3b9f010e3f8493ad48d752f1e29241') in 0.122127 seconds
  Import took 0.126549 seconds .

========================================================================
Received Import Request.
  Time since last request: 6.952274 seconds.
  path: Assets/Tilemap_Mover/Example/Image/Mapcip.png
  artifactKey: Guid(85f87ca038079b046aef107999dc5ba5) Importer(815301076,1909f56bfc062723c751e8b465ee728b)
Start importing Assets/Tilemap_Mover/Example/Image/Mapcip.png using Guid(85f87ca038079b046aef107999dc5ba5) Importer(815301076,1909f56bfc062723c751e8b465ee728b)  -> (artifact id: 'e38c1a2e52afadb9df318ae4cb8b1425') in 0.009244 seconds
  Import took 0.013857 seconds .

========================================================================
Received Import Request.
  Time since last request: 28.741259 seconds.
  path: Assets/Tilemap_Mover/Example/MapData
  artifactKey: Guid(23bef8cea5d9f0249afaf5ccee8c9ae1) Importer(815301076,1909f56bfc062723c751e8b465ee728b)
Start importing Assets/Tilemap_Mover/Example/MapData using Guid(23bef8cea5d9f0249afaf5ccee8c9ae1) Importer(815301076,1909f56bfc062723c751e8b465ee728b)  -> (artifact id: '6a37258173c0e9213eca8e8c618a394a') in 0.002125 seconds
  Import took 0.007115 seconds .

========================================================================
Received Prepare
Registering precompiled user dll's ...
Registered in 0.001150 seconds.
Begin MonoManager ReloadAssembly
Native extension for WindowsStandalone target not found
Native extension for WebGL target not found
Refreshing native plugins compatible for Editor in 0.35 ms, found 1 plugins.
Preloading 0 native plugins for Editor in 0.00 ms.
Invoked RoslynAnalysisRunner static constructor.
RoslynAnalysisRunner will not be running.
RoslynAnalysisRunner has terminated.
Mono: successfully reloaded assembly
- Completed reload, in  0.795 seconds
Platform modules already initialized, skipping
Refreshing native plugins compatible for Editor in 0.31 ms, found 1 plugins.
Preloading 0 native plugins for Editor in 0.00 ms.
Unloading 1805 Unused Serialized files (Serialized files now loaded: 0)
System memory in use before: 88.2 MB.
System memory in use after: 88.2 MB.

Unloading 12 unused Assets to reduce memory usage. Loaded Objects now: 2266.
Total: 1.664700 ms (FindLiveObjects: 0.166700 ms CreateObjectMapping: 0.060900 ms MarkObjects: 1.350700 ms  DeleteObjects: 0.085600 ms)

========================================================================
Received Prepare
Registering precompiled user dll's ...
Registered in 0.001685 seconds.
Begin MonoManager ReloadAssembly
Native extension for WindowsStandalone target not found
Native extension for WebGL target not found
Refreshing native plugins compatible for Editor in 0.34 ms, found 1 plugins.
Preloading 0 native plugins for Editor in 0.00 ms.
Invoked RoslynAnalysisRunner static constructor.
RoslynAnalysisRunner will not be running.
RoslynAnalysisRunner has terminated.
Mono: successfully reloaded assembly
- Completed reload, in  0.800 seconds
Platform modules already initialized, skipping
Refreshing native plugins compatible for Editor in 0.32 ms, found 1 plugins.
Preloading 0 native plugins for Editor in 0.00 ms.
Unloading 1805 Unused Serialized files (Serialized files now loaded: 0)
System memory in use before: 88.2 MB.
System memory in use after: 88.2 MB.

Unloading 12 unused Assets to reduce memory usage. Loaded Objects now: 2270.
Total: 1.809500 ms (FindLiveObjects: 0.272400 ms CreateObjectMapping: 0.135900 ms MarkObjects: 1.311700 ms  DeleteObjects: 0.088200 ms)

========================================================================
Received Prepare
Registering precompiled user dll's ...
Registered in 0.001140 seconds.
Begin MonoManager ReloadAssembly
Native extension for WindowsStandalone target not found
Native extension for WebGL target not found
Refreshing native plugins compatible for Editor in 0.32 ms, found 1 plugins.
Preloading 0 native plugins for Editor in 0.00 ms.
Invoked RoslynAnalysisRunner static constructor.
RoslynAnalysisRunner will not be running.
RoslynAnalysisRunner has terminated.
Mono: successfully reloaded assembly
- Completed reload, in  0.804 seconds
Platform modules already initialized, skipping
Refreshing native plugins compatible for Editor in 0.31 ms, found 1 plugins.
Preloading 0 native plugins for Editor in 0.00 ms.
Unloading 1805 Unused Serialized files (Serialized files now loaded: 0)
System memory in use before: 88.3 MB.
System memory in use after: 88.3 MB.

Unloading 12 unused Assets to reduce memory usage. Loaded Objects now: 2274.
Total: 1.623400 ms (FindLiveObjects: 0.156600 ms CreateObjectMapping: 0.057100 ms MarkObjects: 1.322400 ms  DeleteObjects: 0.086500 ms)

========================================================================
Received Prepare
Registering precompiled user dll's ...
Registered in 0.001228 seconds.
Begin MonoManager ReloadAssembly
Native extension for WindowsStandalone target not found
Native extension for WebGL target not found
Refreshing native plugins compatible for Editor in 0.34 ms, found 1 plugins.
Preloading 0 native plugins for Editor in 0.00 ms.
Invoked RoslynAnalysisRunner static constructor.
RoslynAnalysisRunner will not be running.
RoslynAnalysisRunner has terminated.
Mono: successfully reloaded assembly
- Completed reload, in  0.795 seconds
Platform modules already initialized, skipping
Refreshing native plugins compatible for Editor in 0.31 ms, found 1 plugins.
Preloading 0 native plugins for Editor in 0.00 ms.
Unloading 1805 Unused Serialized files (Serialized files now loaded: 0)
System memory in use before: 88.3 MB.
System memory in use after: 88.3 MB.

Unloading 12 unused Assets to reduce memory usage. Loaded Objects now: 2278.
Total: 1.665100 ms (FindLiveObjects: 0.164200 ms CreateObjectMapping: 0.068200 ms MarkObjects: 1.345700 ms  DeleteObjects: 0.086200 ms)

========================================================================
Received Prepare
Registering precompiled user dll's ...
Registered in 0.001178 seconds.
Begin MonoManager ReloadAssembly
Native extension for WindowsStandalone target not found
Native extension for WebGL target not found
Refreshing native plugins compatible for Editor in 0.31 ms, found 1 plugins.
Preloading 0 native plugins for Editor in 0.00 ms.
Invoked RoslynAnalysisRunner static constructor.
RoslynAnalysisRunner will not be running.
RoslynAnalysisRunner has terminated.
Mono: successfully reloaded assembly
- Completed reload, in  0.807 seconds
Platform modules already initialized, skipping
Refreshing native plugins compatible for Editor in 0.32 ms, found 1 plugins.
Preloading 0 native plugins for Editor in 0.00 ms.
Unloading 1805 Unused Serialized files (Serialized files now loaded: 0)
System memory in use before: 88.3 MB.
System memory in use after: 88.3 MB.

Unloading 12 unused Assets to reduce memory usage. Loaded Objects now: 2282.
Total: 1.844400 ms (FindLiveObjects: 0.254700 ms CreateObjectMapping: 0.106500 ms MarkObjects: 1.392400 ms  DeleteObjects: 0.089500 ms)

========================================================================
Received Prepare
Registering precompiled user dll's ...
Registered in 0.001136 seconds.
Begin MonoManager ReloadAssembly
Native extension for WindowsStandalone target not found
Native extension for WebGL target not found
Refreshing native plugins compatible for Editor in 0.31 ms, found 1 plugins.
Preloading 0 native plugins for Editor in 0.00 ms.
Invoked RoslynAnalysisRunner static constructor.
RoslynAnalysisRunner will not be running.
RoslynAnalysisRunner has terminated.
Mono: successfully reloaded assembly
- Completed reload, in  0.747 seconds
Platform modules already initialized, skipping
Refreshing native plugins compatible for Editor in 0.63 ms, found 1 plugins.
Preloading 0 native plugins for Editor in 0.00 ms.
Unloading 1805 Unused Serialized files (Serialized files now loaded: 0)
System memory in use before: 88.3 MB.
System memory in use after: 88.3 MB.

Unloading 12 unused Assets to reduce memory usage. Loaded Objects now: 2286.
Total: 1.853300 ms (FindLiveObjects: 0.221800 ms CreateObjectMapping: 0.080100 ms MarkObjects: 1.439000 ms  DeleteObjects: 0.111400 ms)

========================================================================
Received Import Request.
  Time since last request: 236.816916 seconds.
  path: Assets/Tilemap_Mover/Example/MapData/Mapcip.asset
  artifactKey: Guid(32919309872502b4b9bc3545932e6400) Importer(815301076,1909f56bfc062723c751e8b465ee728b)
Start importing Assets/Tilemap_Mover/Example/MapData/Mapcip.asset using Guid(32919309872502b4b9bc3545932e6400) Importer(815301076,1909f56bfc062723c751e8b465ee728b)  -> (artifact id: 'a595e88d0bb34234cdc87ea9271aa606') in 0.038704 seconds
  Import took 0.043671 seconds .

AssetImportWorkerClient::OnTransportError - code=2 error=End of file
